[      54ms] [ERROR] Applying inline style violates the following Content Security Policy directive 'style-src 'self' https://fonts.googleapis.com'. Either the 'unsafe-inline' keyword, a hash ('sha256-R8/SXKKWOLiIVoC/lweEhMnnaoK5vKqWnw24hi8wI4s='), or a nonce ('nonce-...') is required to enable inline execution. Note that hashes do not apply to event handlers, style attributes and javascript: navigations unless the 'unsafe-hashes' keyword is present. The action has been blocked. @ http://localhost:3000/#home:1025
[      54ms] [ERROR] Applying inline style violates the following Content Security Policy directive 'style-src 'self' https://fonts.googleapis.com'. Either the 'unsafe-inline' keyword, a hash ('sha256-hQhHfTKv6u+nJlB/WKdoBaTxPnOAAGFGLtKNf7PZW5k='), or a nonce ('nonce-...') is required to enable inline execution. Note that hashes do not apply to event handlers, style attributes and javascript: navigations unless the 'unsafe-hashes' keyword is present. The action has been blocked. @ http://localhost:3000/#home:1123
[      54ms] [ERROR] Applying inline style violates the following Content Security Policy directive 'style-src 'self' https://fonts.googleapis.com'. Either the 'unsafe-inline' keyword, a hash ('sha256-tq/AfED3zNrgb8i/13bm5YD1qS2fA2QGN52iRt8s9F0='), or a nonce ('nonce-...') is required to enable inline execution. Note that hashes do not apply to event handlers, style attributes and javascript: navigations unless the 'unsafe-hashes' keyword is present. The action has been blocked. @ http://localhost:3000/#home:1146
[      54ms] [ERROR] Applying inline style violates the following Content Security Policy directive 'style-src 'self' https://fonts.googleapis.com'. Either the 'unsafe-inline' keyword, a hash ('sha256-nX58SsO1kbt7toFwKqW4N8UWqbKzN4db6pdj/quXBVo='), or a nonce ('nonce-...') is required to enable inline execution. Note that hashes do not apply to event handlers, style attributes and javascript: navigations unless the 'unsafe-hashes' keyword is present. The action has been blocked. @ http://localhost:3000/#home:1150
[      54ms] [ERROR] Applying inline style violates the following Content Security Policy directive 'style-src 'self' https://fonts.googleapis.com'. Either the 'unsafe-inline' keyword, a hash ('sha256-geQMlp6FLCpaVn1AJmp+yLfH0HUB3Yl/5gst2Ofdgjg='), or a nonce ('nonce-...') is required to enable inline execution. Note that hashes do not apply to event handlers, style attributes and javascript: navigations unless the 'unsafe-hashes' keyword is present. The action has been blocked. @ http://localhost:3000/#home:1154
[     488ms] [ERROR] Access to fetch at 'https://depix-backend.vercel.app/api/status?type=features' from origin 'http://localhost:3000' has been blocked by CORS policy: Response to preflight request doesn't pass access control check: The 'Access-Control-Allow-Origin' header has a value 'https://depixapp.com' that is not equal to the supplied origin. Have the server send the header with a valid value. @ http://localhost:3000/#home:0
[     489ms] [ERROR] Failed to load resource: net::ERR_FAILED @ https://depix-backend.vercel.app/api/status?type=features:0
[   15612ms] TypeError: Cannot read properties of null (reading 'style')
    at changeText (https://brswap.me/index.php?widget=1:812:33)
[   19612ms] TypeError: Cannot read properties of null (reading 'style')
    at changeText (https://brswap.me/index.php?widget=1:812:33)
[   23613ms] TypeError: Cannot read properties of null (reading 'style')
    at changeText (https://brswap.me/index.php?widget=1:812:33)
[   27614ms] TypeError: Cannot read properties of null (reading 'style')
    at changeText (https://brswap.me/index.php?widget=1:812:33)
[   31614ms] TypeError: Cannot read properties of null (reading 'style')
    at changeText (https://brswap.me/index.php?widget=1:812:33)
[   35612ms] TypeError: Cannot read properties of null (reading 'style')
    at changeText (https://brswap.me/index.php?widget=1:812:33)
[   39614ms] TypeError: Cannot read properties of null (reading 'style')
    at changeText (https://brswap.me/index.php?widget=1:812:33)
[   43613ms] TypeError: Cannot read properties of null (reading 'style')
    at changeText (https://brswap.me/index.php?widget=1:812:33)
[   47614ms] TypeError: Cannot read properties of null (reading 'style')
    at changeText (https://brswap.me/index.php?widget=1:812:33)
[   51614ms] TypeError: Cannot read properties of null (reading 'style')
    at changeText (https://brswap.me/index.php?widget=1:812:33)
[   55613ms] TypeError: Cannot read properties of null (reading 'style')
    at changeText (https://brswap.me/index.php?widget=1:812:33)
[   59614ms] TypeError: Cannot read properties of null (reading 'style')
    at changeText (https://brswap.me/index.php?widget=1:812:33)
[   63614ms] TypeError: Cannot read properties of null (reading 'style')
    at changeText (https://brswap.me/index.php?widget=1:812:33)
[   67615ms] TypeError: Cannot read properties of null (reading 'style')
    at changeText (https://brswap.me/index.php?widget=1:812:33)
[   71613ms] TypeError: Cannot read properties of null (reading 'style')
    at changeText (https://brswap.me/index.php?widget=1:812:33)
[   75614ms] TypeError: Cannot read properties of null (reading 'style')
    at changeText (https://brswap.me/index.php?widget=1:812:33)
[   79616ms] TypeError: Cannot read properties of null (reading 'style')
    at changeText (https://brswap.me/index.php?widget=1:812:33)
[   83613ms] TypeError: Cannot read properties of null (reading 'style')
    at changeText (https://brswap.me/index.php?widget=1:812:33)
[   87613ms] TypeError: Cannot read properties of null (reading 'style')
    at changeText (https://brswap.me/index.php?widget=1:812:33)
[   91612ms] TypeError: Cannot read properties of null (reading 'style')
    at changeText (https://brswap.me/index.php?widget=1:812:33)
[   95613ms] TypeError: Cannot read properties of null (reading 'style')
    at changeText (https://brswap.me/index.php?widget=1:812:33)
[   99614ms] TypeError: Cannot read properties of null (reading 'style')
    at changeText (https://brswap.me/index.php?widget=1:812:33)
[  103614ms] TypeError: Cannot read properties of null (reading 'style')
    at changeText (https://brswap.me/index.php?widget=1:812:33)
[  107613ms] TypeError: Cannot read properties of null (reading 'style')
    at changeText (https://brswap.me/index.php?widget=1:812:33)
[  111613ms] TypeError: Cannot read properties of null (reading 'style')
    at changeText (https://brswap.me/index.php?widget=1:812:33)
[  115613ms] TypeError: Cannot read properties of null (reading 'style')
    at changeText (https://brswap.me/index.php?widget=1:812:33)
[  119612ms] TypeError: Cannot read properties of null (reading 'style')
    at changeText (https://brswap.me/index.php?widget=1:812:33)
[  123613ms] TypeError: Cannot read properties of null (reading 'style')
    at changeText (https://brswap.me/index.php?widget=1:812:33)
[  127612ms] TypeError: Cannot read properties of null (reading 'style')
    at changeText (https://brswap.me/index.php?widget=1:812:33)
[  131613ms] TypeError: Cannot read properties of null (reading 'style')
    at changeText (https://brswap.me/index.php?widget=1:812:33)
[  135613ms] TypeError: Cannot read properties of null (reading 'style')
    at changeText (https://brswap.me/index.php?widget=1:812:33)
[  139612ms] TypeError: Cannot read properties of null (reading 'style')
    at changeText (https://brswap.me/index.php?widget=1:812:33)
[  143612ms] TypeError: Cannot read properties of null (reading 'style')
    at changeText (https://brswap.me/index.php?widget=1:812:33)
[  147613ms] TypeError: Cannot read properties of null (reading 'style')
    at changeText (https://brswap.me/index.php?widget=1:812:33)
[  151612ms] TypeError: Cannot read properties of null (reading 'style')
    at changeText (https://brswap.me/index.php?widget=1:812:33)
[  155613ms] TypeError: Cannot read properties of null (reading 'style')
    at changeText (https://brswap.me/index.php?widget=1:812:33)
[  159611ms] TypeError: Cannot read properties of null (reading 'style')
    at changeText (https://brswap.me/index.php?widget=1:812:33)
[  163615ms] TypeError: Cannot read properties of null (reading 'style')
    at changeText (https://brswap.me/index.php?widget=1:812:33)
