[      56ms] [ERROR] Applying inline style violates the following Content Security Policy directive 'style-src 'self' https://fonts.googleapis.com'. Either the 'unsafe-inline' keyword, a hash ('sha256-aqNNdDLnnrDOnTNdkJpYlAxKVJtLt9CtFLklmInuUAE='), or a nonce ('nonce-...') is required to enable inline execution. Note that hashes do not apply to event handlers, style attributes and javascript: navigations unless the 'unsafe-hashes' keyword is present. The action has been blocked. @ http://localhost:3000/:590
[      57ms] [ERROR] Applying inline style violates the following Content Security Policy directive 'style-src 'self' https://fonts.googleapis.com'. Either the 'unsafe-inline' keyword, a hash ('sha256-R8/SXKKWOLiIVoC/lweEhMnnaoK5vKqWnw24hi8wI4s='), or a nonce ('nonce-...') is required to enable inline execution. Note that hashes do not apply to event handlers, style attributes and javascript: navigations unless the 'unsafe-hashes' keyword is present. The action has been blocked. @ http://localhost:3000/:1025
[      57ms] [ERROR] Applying inline style violates the following Content Security Policy directive 'style-src 'self' https://fonts.googleapis.com'. Either the 'unsafe-inline' keyword, a hash ('sha256-hQhHfTKv6u+nJlB/WKdoBaTxPnOAAGFGLtKNf7PZW5k='), or a nonce ('nonce-...') is required to enable inline execution. Note that hashes do not apply to event handlers, style attributes and javascript: navigations unless the 'unsafe-hashes' keyword is present. The action has been blocked. @ http://localhost:3000/:1123
[      57ms] [ERROR] Applying inline style violates the following Content Security Policy directive 'style-src 'self' https://fonts.googleapis.com'. Either the 'unsafe-inline' keyword, a hash ('sha256-tq/AfED3zNrgb8i/13bm5YD1qS2fA2QGN52iRt8s9F0='), or a nonce ('nonce-...') is required to enable inline execution. Note that hashes do not apply to event handlers, style attributes and javascript: navigations unless the 'unsafe-hashes' keyword is present. The action has been blocked. @ http://localhost:3000/:1146
[      57ms] [ERROR] Applying inline style violates the following Content Security Policy directive 'style-src 'self' https://fonts.googleapis.com'. Either the 'unsafe-inline' keyword, a hash ('sha256-nX58SsO1kbt7toFwKqW4N8UWqbKzN4db6pdj/quXBVo='), or a nonce ('nonce-...') is required to enable inline execution. Note that hashes do not apply to event handlers, style attributes and javascript: navigations unless the 'unsafe-hashes' keyword is present. The action has been blocked. @ http://localhost:3000/:1150
[      57ms] [ERROR] Applying inline style violates the following Content Security Policy directive 'style-src 'self' https://fonts.googleapis.com'. Either the 'unsafe-inline' keyword, a hash ('sha256-geQMlp6FLCpaVn1AJmp+yLfH0HUB3Yl/5gst2Ofdgjg='), or a nonce ('nonce-...') is required to enable inline execution. Note that hashes do not apply to event handlers, style attributes and javascript: navigations unless the 'unsafe-hashes' keyword is present. The action has been blocked. @ http://localhost:3000/:1154
[   10780ms] [ERROR] Access to fetch at 'https://depix-backend.vercel.app/api/status?type=features' from origin 'http://localhost:3000' has been blocked by CORS policy: Response to preflight request doesn't pass access control check: The 'Access-Control-Allow-Origin' header has a value 'https://depixapp.com' that is not equal to the supplied origin. Have the server send the header with a valid value. @ http://localhost:3000/#home:0
[   10781ms] [ERROR] Failed to load resource: net::ERR_FAILED @ https://depix-backend.vercel.app/api/status?type=features:0
[   30661ms] [ERROR] Connecting to 'http://localhost:3000/.well-known/appspecific/com.chrome.devtools.json' violates the following Content Security Policy directive: "connect-src https://depix-backend.vercel.app". The request has been blocked.
 @ :0
[  125813ms] [ERROR] Applying inline style violates the following Content Security Policy directive 'style-src 'self' https://fonts.googleapis.com'. Either the 'unsafe-inline' keyword, a hash ('sha256-aqNNdDLnnrDOnTNdkJpYlAxKVJtLt9CtFLklmInuUAE='), or a nonce ('nonce-...') is required to enable inline execution. Note that hashes do not apply to event handlers, style attributes and javascript: navigations unless the 'unsafe-hashes' keyword is present. The action has been blocked. @ http://localhost:3000/#home:590
[  125814ms] [ERROR] Applying inline style violates the following Content Security Policy directive 'style-src 'self' https://fonts.googleapis.com'. Either the 'unsafe-inline' keyword, a hash ('sha256-R8/SXKKWOLiIVoC/lweEhMnnaoK5vKqWnw24hi8wI4s='), or a nonce ('nonce-...') is required to enable inline execution. Note that hashes do not apply to event handlers, style attributes and javascript: navigations unless the 'unsafe-hashes' keyword is present. The action has been blocked. @ http://localhost:3000/#home:1025
[  125814ms] [ERROR] Applying inline style violates the following Content Security Policy directive 'style-src 'self' https://fonts.googleapis.com'. Either the 'unsafe-inline' keyword, a hash ('sha256-hQhHfTKv6u+nJlB/WKdoBaTxPnOAAGFGLtKNf7PZW5k='), or a nonce ('nonce-...') is required to enable inline execution. Note that hashes do not apply to event handlers, style attributes and javascript: navigations unless the 'unsafe-hashes' keyword is present. The action has been blocked. @ http://localhost:3000/#home:1123
[  125814ms] [ERROR] Applying inline style violates the following Content Security Policy directive 'style-src 'self' https://fonts.googleapis.com'. Either the 'unsafe-inline' keyword, a hash ('sha256-tq/AfED3zNrgb8i/13bm5YD1qS2fA2QGN52iRt8s9F0='), or a nonce ('nonce-...') is required to enable inline execution. Note that hashes do not apply to event handlers, style attributes and javascript: navigations unless the 'unsafe-hashes' keyword is present. The action has been blocked. @ http://localhost:3000/#home:1146
[  125814ms] [ERROR] Applying inline style violates the following Content Security Policy directive 'style-src 'self' https://fonts.googleapis.com'. Either the 'unsafe-inline' keyword, a hash ('sha256-nX58SsO1kbt7toFwKqW4N8UWqbKzN4db6pdj/quXBVo='), or a nonce ('nonce-...') is required to enable inline execution. Note that hashes do not apply to event handlers, style attributes and javascript: navigations unless the 'unsafe-hashes' keyword is present. The action has been blocked. @ http://localhost:3000/#home:1150
[  125814ms] [ERROR] Applying inline style violates the following Content Security Policy directive 'style-src 'self' https://fonts.googleapis.com'. Either the 'unsafe-inline' keyword, a hash ('sha256-geQMlp6FLCpaVn1AJmp+yLfH0HUB3Yl/5gst2Ofdgjg='), or a nonce ('nonce-...') is required to enable inline execution. Note that hashes do not apply to event handlers, style attributes and javascript: navigations unless the 'unsafe-hashes' keyword is present. The action has been blocked. @ http://localhost:3000/#home:1154
[  125830ms] [ERROR] Connecting to 'http://localhost:3000/.well-known/appspecific/com.chrome.devtools.json' violates the following Content Security Policy directive: "connect-src https://depix-backend.vercel.app". The request has been blocked.
 @ :0
[  126126ms] [ERROR] Access to fetch at 'https://depix-backend.vercel.app/api/status?type=features' from origin 'http://localhost:3000' has been blocked by CORS policy: Response to preflight request doesn't pass access control check: The 'Access-Control-Allow-Origin' header has a value 'https://depixapp.com' that is not equal to the supplied origin. Have the server send the header with a valid value. @ http://localhost:3000/#home:0
[  126126ms] [ERROR] Failed to load resource: net::ERR_FAILED @ https://depix-backend.vercel.app/api/status?type=features:0
[  143360ms] TypeError: Cannot read properties of null (reading 'style')
    at changeText (https://brswap.me/index.php?widget=1:812:33)
[  147359ms] TypeError: Cannot read properties of null (reading 'style')
    at changeText (https://brswap.me/index.php?widget=1:812:33)
[  151357ms] TypeError: Cannot read properties of null (reading 'style')
    at changeText (https://brswap.me/index.php?widget=1:812:33)
[  155358ms] TypeError: Cannot read properties of null (reading 'style')
    at changeText (https://brswap.me/index.php?widget=1:812:33)
[  159357ms] TypeError: Cannot read properties of null (reading 'style')
    at changeText (https://brswap.me/index.php?widget=1:812:33)
[  206720ms] [ERROR] Applying inline style violates the following Content Security Policy directive 'style-src 'self' https://fonts.googleapis.com'. Either the 'unsafe-inline' keyword, a hash ('sha256-aqNNdDLnnrDOnTNdkJpYlAxKVJtLt9CtFLklmInuUAE='), or a nonce ('nonce-...') is required to enable inline execution. Note that hashes do not apply to event handlers, style attributes and javascript: navigations unless the 'unsafe-hashes' keyword is present. The action has been blocked. @ http://localhost:3000/#home:590
[  206720ms] [ERROR] Applying inline style violates the following Content Security Policy directive 'style-src 'self' https://fonts.googleapis.com'. Either the 'unsafe-inline' keyword, a hash ('sha256-R8/SXKKWOLiIVoC/lweEhMnnaoK5vKqWnw24hi8wI4s='), or a nonce ('nonce-...') is required to enable inline execution. Note that hashes do not apply to event handlers, style attributes and javascript: navigations unless the 'unsafe-hashes' keyword is present. The action has been blocked. @ http://localhost:3000/#home:1025
[  206721ms] [ERROR] Applying inline style violates the following Content Security Policy directive 'style-src 'self' https://fonts.googleapis.com'. Either the 'unsafe-inline' keyword, a hash ('sha256-hQhHfTKv6u+nJlB/WKdoBaTxPnOAAGFGLtKNf7PZW5k='), or a nonce ('nonce-...') is required to enable inline execution. Note that hashes do not apply to event handlers, style attributes and javascript: navigations unless the 'unsafe-hashes' keyword is present. The action has been blocked. @ http://localhost:3000/#home:1123
[  206721ms] [ERROR] Applying inline style violates the following Content Security Policy directive 'style-src 'self' https://fonts.googleapis.com'. Either the 'unsafe-inline' keyword, a hash ('sha256-tq/AfED3zNrgb8i/13bm5YD1qS2fA2QGN52iRt8s9F0='), or a nonce ('nonce-...') is required to enable inline execution. Note that hashes do not apply to event handlers, style attributes and javascript: navigations unless the 'unsafe-hashes' keyword is present. The action has been blocked. @ http://localhost:3000/#home:1146
[  206721ms] [ERROR] Applying inline style violates the following Content Security Policy directive 'style-src 'self' https://fonts.googleapis.com'. Either the 'unsafe-inline' keyword, a hash ('sha256-nX58SsO1kbt7toFwKqW4N8UWqbKzN4db6pdj/quXBVo='), or a nonce ('nonce-...') is required to enable inline execution. Note that hashes do not apply to event handlers, style attributes and javascript: navigations unless the 'unsafe-hashes' keyword is present. The action has been blocked. @ http://localhost:3000/#home:1150
[  206721ms] [ERROR] Applying inline style violates the following Content Security Policy directive 'style-src 'self' https://fonts.googleapis.com'. Either the 'unsafe-inline' keyword, a hash ('sha256-geQMlp6FLCpaVn1AJmp+yLfH0HUB3Yl/5gst2Ofdgjg='), or a nonce ('nonce-...') is required to enable inline execution. Note that hashes do not apply to event handlers, style attributes and javascript: navigations unless the 'unsafe-hashes' keyword is present. The action has been blocked. @ http://localhost:3000/#home:1154
[  206722ms] [ERROR] Connecting to 'http://localhost:3000/.well-known/appspecific/com.chrome.devtools.json' violates the following Content Security Policy directive: "connect-src https://depix-backend.vercel.app". The request has been blocked.
 @ :0
[  206924ms] [ERROR] Access to fetch at 'https://depix-backend.vercel.app/api/status?type=features' from origin 'http://localhost:3000' has been blocked by CORS policy: Response to preflight request doesn't pass access control check: The 'Access-Control-Allow-Origin' header has a value 'https://depixapp.com' that is not equal to the supplied origin. Have the server send the header with a valid value. @ http://localhost:3000/#home:0
[  206925ms] [ERROR] Failed to load resource: net::ERR_FAILED @ https://depix-backend.vercel.app/api/status?type=features:0
[  225839ms] TypeError: Cannot read properties of null (reading 'style')
    at changeText (https://brswap.me/index.php?widget=1:812:33)
[  229837ms] TypeError: Cannot read properties of null (reading 'style')
    at changeText (https://brswap.me/index.php?widget=1:812:33)
[  233837ms] TypeError: Cannot read properties of null (reading 'style')
    at changeText (https://brswap.me/index.php?widget=1:812:33)
[  237838ms] TypeError: Cannot read properties of null (reading 'style')
    at changeText (https://brswap.me/index.php?widget=1:812:33)
[  241838ms] TypeError: Cannot read properties of null (reading 'style')
    at changeText (https://brswap.me/index.php?widget=1:812:33)
[  245838ms] TypeError: Cannot read properties of null (reading 'style')
    at changeText (https://brswap.me/index.php?widget=1:812:33)
[  249838ms] TypeError: Cannot read properties of null (reading 'style')
    at changeText (https://brswap.me/index.php?widget=1:812:33)
[  253838ms] TypeError: Cannot read properties of null (reading 'style')
    at changeText (https://brswap.me/index.php?widget=1:812:33)
[  257837ms] TypeError: Cannot read properties of null (reading 'style')
    at changeText (https://brswap.me/index.php?widget=1:812:33)
[  261838ms] TypeError: Cannot read properties of null (reading 'style')
    at changeText (https://brswap.me/index.php?widget=1:812:33)
[  265837ms] TypeError: Cannot read properties of null (reading 'style')
    at changeText (https://brswap.me/index.php?widget=1:812:33)
[  269837ms] TypeError: Cannot read properties of null (reading 'style')
    at changeText (https://brswap.me/index.php?widget=1:812:33)
[  273838ms] TypeError: Cannot read properties of null (reading 'style')
    at changeText (https://brswap.me/index.php?widget=1:812:33)
[  277838ms] TypeError: Cannot read properties of null (reading 'style')
    at changeText (https://brswap.me/index.php?widget=1:812:33)
[  281838ms] TypeError: Cannot read properties of null (reading 'style')
    at changeText (https://brswap.me/index.php?widget=1:812:33)
[  285838ms] TypeError: Cannot read properties of null (reading 'style')
    at changeText (https://brswap.me/index.php?widget=1:812:33)
[  289837ms] TypeError: Cannot read properties of null (reading 'style')
    at changeText (https://brswap.me/index.php?widget=1:812:33)
[  293838ms] TypeError: Cannot read properties of null (reading 'style')
    at changeText (https://brswap.me/index.php?widget=1:812:33)
[  297837ms] TypeError: Cannot read properties of null (reading 'style')
    at changeText (https://brswap.me/index.php?widget=1:812:33)
[  301837ms] TypeError: Cannot read properties of null (reading 'style')
    at changeText (https://brswap.me/index.php?widget=1:812:33)
[  305837ms] TypeError: Cannot read properties of null (reading 'style')
    at changeText (https://brswap.me/index.php?widget=1:812:33)
[  309837ms] TypeError: Cannot read properties of null (reading 'style')
    at changeText (https://brswap.me/index.php?widget=1:812:33)
[  313838ms] TypeError: Cannot read properties of null (reading 'style')
    at changeText (https://brswap.me/index.php?widget=1:812:33)
[  317837ms] TypeError: Cannot read properties of null (reading 'style')
    at changeText (https://brswap.me/index.php?widget=1:812:33)
[  321838ms] TypeError: Cannot read properties of null (reading 'style')
    at changeText (https://brswap.me/index.php?widget=1:812:33)
[  325838ms] TypeError: Cannot read properties of null (reading 'style')
    at changeText (https://brswap.me/index.php?widget=1:812:33)
[  329839ms] TypeError: Cannot read properties of null (reading 'style')
    at changeText (https://brswap.me/index.php?widget=1:812:33)
[  333837ms] TypeError: Cannot read properties of null (reading 'style')
    at changeText (https://brswap.me/index.php?widget=1:812:33)
[  337838ms] TypeError: Cannot read properties of null (reading 'style')
    at changeText (https://brswap.me/index.php?widget=1:812:33)
