[      58ms] [ERROR] Applying inline style violates the following Content Security Policy directive 'style-src 'self' https://fonts.googleapis.com'. Either the 'unsafe-inline' keyword, a hash ('sha256-R8/SXKKWOLiIVoC/lweEhMnnaoK5vKqWnw24hi8wI4s='), or a nonce ('nonce-...') is required to enable inline execution. Note that hashes do not apply to event handlers, style attributes and javascript: navigations unless the 'unsafe-hashes' keyword is present. The action has been blocked. @ http://localhost:3000/#home:1026
[      58ms] [ERROR] Applying inline style violates the following Content Security Policy directive 'style-src 'self' https://fonts.googleapis.com'. Either the 'unsafe-inline' keyword, a hash ('sha256-hQhHfTKv6u+nJlB/WKdoBaTxPnOAAGFGLtKNf7PZW5k='), or a nonce ('nonce-...') is required to enable inline execution. Note that hashes do not apply to event handlers, style attributes and javascript: navigations unless the 'unsafe-hashes' keyword is present. The action has been blocked. @ http://localhost:3000/#home:1124
[      58ms] [ERROR] Applying inline style violates the following Content Security Policy directive 'style-src 'self' https://fonts.googleapis.com'. Either the 'unsafe-inline' keyword, a hash ('sha256-tq/AfED3zNrgb8i/13bm5YD1qS2fA2QGN52iRt8s9F0='), or a nonce ('nonce-...') is required to enable inline execution. Note that hashes do not apply to event handlers, style attributes and javascript: navigations unless the 'unsafe-hashes' keyword is present. The action has been blocked. @ http://localhost:3000/#home:1147
[      58ms] [ERROR] Applying inline style violates the following Content Security Policy directive 'style-src 'self' https://fonts.googleapis.com'. Either the 'unsafe-inline' keyword, a hash ('sha256-nX58SsO1kbt7toFwKqW4N8UWqbKzN4db6pdj/quXBVo='), or a nonce ('nonce-...') is required to enable inline execution. Note that hashes do not apply to event handlers, style attributes and javascript: navigations unless the 'unsafe-hashes' keyword is present. The action has been blocked. @ http://localhost:3000/#home:1151
[      59ms] [ERROR] Applying inline style violates the following Content Security Policy directive 'style-src 'self' https://fonts.googleapis.com'. Either the 'unsafe-inline' keyword, a hash ('sha256-geQMlp6FLCpaVn1AJmp+yLfH0HUB3Yl/5gst2Ofdgjg='), or a nonce ('nonce-...') is required to enable inline execution. Note that hashes do not apply to event handlers, style attributes and javascript: navigations unless the 'unsafe-hashes' keyword is present. The action has been blocked. @ http://localhost:3000/#home:1155
[     553ms] [ERROR] Access to fetch at 'https://depix-backend.vercel.app/api/status?type=features' from origin 'http://localhost:3000' has been blocked by CORS policy: Response to preflight request doesn't pass access control check: The 'Access-Control-Allow-Origin' header has a value 'https://depixapp.com' that is not equal to the supplied origin. Have the server send the header with a valid value. @ http://localhost:3000/#home:0
[     553ms] [ERROR] Failed to load resource: net::ERR_FAILED @ https://depix-backend.vercel.app/api/status?type=features:0
[   13074ms] TypeError: Cannot read properties of null (reading 'style')
    at changeText (https://brswap.me/index.php?widget=1:812:33)
[   17075ms] TypeError: Cannot read properties of null (reading 'style')
    at changeText (https://brswap.me/index.php?widget=1:812:33)
[   21074ms] TypeError: Cannot read properties of null (reading 'style')
    at changeText (https://brswap.me/index.php?widget=1:812:33)
[   58251ms] TypeError: Cannot read properties of null (reading 'style')
    at changeText (https://brswap.me/index.php?widget=1:812:33)
[   62251ms] TypeError: Cannot read properties of null (reading 'style')
    at changeText (https://brswap.me/index.php?widget=1:812:33)
[   66252ms] TypeError: Cannot read properties of null (reading 'style')
    at changeText (https://brswap.me/index.php?widget=1:812:33)
[   70251ms] TypeError: Cannot read properties of null (reading 'style')
    at changeText (https://brswap.me/index.php?widget=1:812:33)
[   74253ms] TypeError: Cannot read properties of null (reading 'style')
    at changeText (https://brswap.me/index.php?widget=1:812:33)
[   78252ms] TypeError: Cannot read properties of null (reading 'style')
    at changeText (https://brswap.me/index.php?widget=1:812:33)
[   82251ms] TypeError: Cannot read properties of null (reading 'style')
    at changeText (https://brswap.me/index.php?widget=1:812:33)
[   86252ms] TypeError: Cannot read properties of null (reading 'style')
    at changeText (https://brswap.me/index.php?widget=1:812:33)
[   90251ms] TypeError: Cannot read properties of null (reading 'style')
    at changeText (https://brswap.me/index.php?widget=1:812:33)
[   94252ms] TypeError: Cannot read properties of null (reading 'style')
    at changeText (https://brswap.me/index.php?widget=1:812:33)
[   98253ms] TypeError: Cannot read properties of null (reading 'style')
    at changeText (https://brswap.me/index.php?widget=1:812:33)
[  102252ms] TypeError: Cannot read properties of null (reading 'style')
    at changeText (https://brswap.me/index.php?widget=1:812:33)
[  106250ms] TypeError: Cannot read properties of null (reading 'style')
    at changeText (https://brswap.me/index.php?widget=1:812:33)
[  110250ms] TypeError: Cannot read properties of null (reading 'style')
    at changeText (https://brswap.me/index.php?widget=1:812:33)
[  114251ms] TypeError: Cannot read properties of null (reading 'style')
    at changeText (https://brswap.me/index.php?widget=1:812:33)
[  118251ms] TypeError: Cannot read properties of null (reading 'style')
    at changeText (https://brswap.me/index.php?widget=1:812:33)
[  122253ms] TypeError: Cannot read properties of null (reading 'style')
    at changeText (https://brswap.me/index.php?widget=1:812:33)
[  126252ms] TypeError: Cannot read properties of null (reading 'style')
    at changeText (https://brswap.me/index.php?widget=1:812:33)
