[      58ms] [ERROR] Applying inline style violates the following Content Security Policy directive 'style-src 'self' https://fonts.googleapis.com'. Either the 'unsafe-inline' keyword, a hash ('sha256-R8/SXKKWOLiIVoC/lweEhMnnaoK5vKqWnw24hi8wI4s='), or a nonce ('nonce-...') is required to enable inline execution. Note that hashes do not apply to event handlers, style attributes and javascript: navigations unless the 'unsafe-hashes' keyword is present. The action has been blocked. @ http://localhost:3000/#home:1026
[      58ms] [ERROR] Applying inline style violates the following Content Security Policy directive 'style-src 'self' https://fonts.googleapis.com'. Either the 'unsafe-inline' keyword, a hash ('sha256-hQhHfTKv6u+nJlB/WKdoBaTxPnOAAGFGLtKNf7PZW5k='), or a nonce ('nonce-...') is required to enable inline execution. Note that hashes do not apply to event handlers, style attributes and javascript: navigations unless the 'unsafe-hashes' keyword is present. The action has been blocked. @ http://localhost:3000/#home:1124
[      58ms] [ERROR] Applying inline style violates the following Content Security Policy directive 'style-src 'self' https://fonts.googleapis.com'. Either the 'unsafe-inline' keyword, a hash ('sha256-tq/AfED3zNrgb8i/13bm5YD1qS2fA2QGN52iRt8s9F0='), or a nonce ('nonce-...') is required to enable inline execution. Note that hashes do not apply to event handlers, style attributes and javascript: navigations unless the 'unsafe-hashes' keyword is present. The action has been blocked. @ http://localhost:3000/#home:1147
[      58ms] [ERROR] Applying inline style violates the following Content Security Policy directive 'style-src 'self' https://fonts.googleapis.com'. Either the 'unsafe-inline' keyword, a hash ('sha256-nX58SsO1kbt7toFwKqW4N8UWqbKzN4db6pdj/quXBVo='), or a nonce ('nonce-...') is required to enable inline execution. Note that hashes do not apply to event handlers, style attributes and javascript: navigations unless the 'unsafe-hashes' keyword is present. The action has been blocked. @ http://localhost:3000/#home:1151
[      58ms] [ERROR] Applying inline style violates the following Content Security Policy directive 'style-src 'self' https://fonts.googleapis.com'. Either the 'unsafe-inline' keyword, a hash ('sha256-geQMlp6FLCpaVn1AJmp+yLfH0HUB3Yl/5gst2Ofdgjg='), or a nonce ('nonce-...') is required to enable inline execution. Note that hashes do not apply to event handlers, style attributes and javascript: navigations unless the 'unsafe-hashes' keyword is present. The action has been blocked. @ http://localhost:3000/#home:1155
[     422ms] [ERROR] Access to fetch at 'https://depix-backend.vercel.app/api/status?type=features' from origin 'http://localhost:3000' has been blocked by CORS policy: Response to preflight request doesn't pass access control check: The 'Access-Control-Allow-Origin' header has a value 'https://depixapp.com' that is not equal to the supplied origin. Have the server send the header with a valid value. @ http://localhost:3000/#home:0
[     422ms] [ERROR] Failed to load resource: net::ERR_FAILED @ https://depix-backend.vercel.app/api/status?type=features:0
[   15702ms] TypeError: Cannot read properties of null (reading 'style')
    at changeText (https://brswap.me/index.php?widget=1:812:33)
[   19702ms] TypeError: Cannot read properties of null (reading 'style')
    at changeText (https://brswap.me/index.php?widget=1:812:33)
[   23703ms] TypeError: Cannot read properties of null (reading 'style')
    at changeText (https://brswap.me/index.php?widget=1:812:33)
[   27703ms] TypeError: Cannot read properties of null (reading 'style')
    at changeText (https://brswap.me/index.php?widget=1:812:33)
[   31703ms] TypeError: Cannot read properties of null (reading 'style')
    at changeText (https://brswap.me/index.php?widget=1:812:33)
[   35704ms] TypeError: Cannot read properties of null (reading 'style')
    at changeText (https://brswap.me/index.php?widget=1:812:33)
[   39704ms] TypeError: Cannot read properties of null (reading 'style')
    at changeText (https://brswap.me/index.php?widget=1:812:33)
[   43704ms] TypeError: Cannot read properties of null (reading 'style')
    at changeText (https://brswap.me/index.php?widget=1:812:33)
[   47704ms] TypeError: Cannot read properties of null (reading 'style')
    at changeText (https://brswap.me/index.php?widget=1:812:33)
[   51703ms] TypeError: Cannot read properties of null (reading 'style')
    at changeText (https://brswap.me/index.php?widget=1:812:33)
[   55705ms] TypeError: Cannot read properties of null (reading 'style')
    at changeText (https://brswap.me/index.php?widget=1:812:33)
[   59704ms] TypeError: Cannot read properties of null (reading 'style')
    at changeText (https://brswap.me/index.php?widget=1:812:33)
[   63703ms] TypeError: Cannot read properties of null (reading 'style')
    at changeText (https://brswap.me/index.php?widget=1:812:33)
[   67702ms] TypeError: Cannot read properties of null (reading 'style')
    at changeText (https://brswap.me/index.php?widget=1:812:33)
[   71704ms] TypeError: Cannot read properties of null (reading 'style')
    at changeText (https://brswap.me/index.php?widget=1:812:33)
[   75703ms] TypeError: Cannot read properties of null (reading 'style')
    at changeText (https://brswap.me/index.php?widget=1:812:33)
[   79703ms] TypeError: Cannot read properties of null (reading 'style')
    at changeText (https://brswap.me/index.php?widget=1:812:33)
[   83704ms] TypeError: Cannot read properties of null (reading 'style')
    at changeText (https://brswap.me/index.php?widget=1:812:33)
[   87703ms] TypeError: Cannot read properties of null (reading 'style')
    at changeText (https://brswap.me/index.php?widget=1:812:33)
[   91702ms] TypeError: Cannot read properties of null (reading 'style')
    at changeText (https://brswap.me/index.php?widget=1:812:33)
[   95704ms] TypeError: Cannot read properties of null (reading 'style')
    at changeText (https://brswap.me/index.php?widget=1:812:33)
[   99704ms] TypeError: Cannot read properties of null (reading 'style')
    at changeText (https://brswap.me/index.php?widget=1:812:33)
[  103704ms] TypeError: Cannot read properties of null (reading 'style')
    at changeText (https://brswap.me/index.php?widget=1:812:33)
[  107702ms] TypeError: Cannot read properties of null (reading 'style')
    at changeText (https://brswap.me/index.php?widget=1:812:33)
[  111703ms] TypeError: Cannot read properties of null (reading 'style')
    at changeText (https://brswap.me/index.php?widget=1:812:33)
[  115703ms] TypeError: Cannot read properties of null (reading 'style')
    at changeText (https://brswap.me/index.php?widget=1:812:33)
[  119703ms] TypeError: Cannot read properties of null (reading 'style')
    at changeText (https://brswap.me/index.php?widget=1:812:33)
[  123842ms] TypeError: Cannot read properties of null (reading 'style')
    at changeText (https://brswap.me/index.php?widget=1:812:33)
[  123855ms] [ERROR] Applying inline style violates the following Content Security Policy directive 'style-src 'self' https://fonts.googleapis.com'. Either the 'unsafe-inline' keyword, a hash ('sha256-R8/SXKKWOLiIVoC/lweEhMnnaoK5vKqWnw24hi8wI4s='), or a nonce ('nonce-...') is required to enable inline execution. Note that hashes do not apply to event handlers, style attributes and javascript: navigations unless the 'unsafe-hashes' keyword is present. The action has been blocked. @ http://localhost:3000/#home:1026
[  123855ms] [ERROR] Applying inline style violates the following Content Security Policy directive 'style-src 'self' https://fonts.googleapis.com'. Either the 'unsafe-inline' keyword, a hash ('sha256-hQhHfTKv6u+nJlB/WKdoBaTxPnOAAGFGLtKNf7PZW5k='), or a nonce ('nonce-...') is required to enable inline execution. Note that hashes do not apply to event handlers, style attributes and javascript: navigations unless the 'unsafe-hashes' keyword is present. The action has been blocked. @ http://localhost:3000/#home:1124
[  123855ms] [ERROR] Applying inline style violates the following Content Security Policy directive 'style-src 'self' https://fonts.googleapis.com'. Either the 'unsafe-inline' keyword, a hash ('sha256-tq/AfED3zNrgb8i/13bm5YD1qS2fA2QGN52iRt8s9F0='), or a nonce ('nonce-...') is required to enable inline execution. Note that hashes do not apply to event handlers, style attributes and javascript: navigations unless the 'unsafe-hashes' keyword is present. The action has been blocked. @ http://localhost:3000/#home:1147
[  123855ms] [ERROR] Applying inline style violates the following Content Security Policy directive 'style-src 'self' https://fonts.googleapis.com'. Either the 'unsafe-inline' keyword, a hash ('sha256-nX58SsO1kbt7toFwKqW4N8UWqbKzN4db6pdj/quXBVo='), or a nonce ('nonce-...') is required to enable inline execution. Note that hashes do not apply to event handlers, style attributes and javascript: navigations unless the 'unsafe-hashes' keyword is present. The action has been blocked. @ http://localhost:3000/#home:1151
[  123855ms] [ERROR] Applying inline style violates the following Content Security Policy directive 'style-src 'self' https://fonts.googleapis.com'. Either the 'unsafe-inline' keyword, a hash ('sha256-geQMlp6FLCpaVn1AJmp+yLfH0HUB3Yl/5gst2Ofdgjg='), or a nonce ('nonce-...') is required to enable inline execution. Note that hashes do not apply to event handlers, style attributes and javascript: navigations unless the 'unsafe-hashes' keyword is present. The action has been blocked. @ http://localhost:3000/#home:1155
[  124078ms] [ERROR] Access to fetch at 'https://depix-backend.vercel.app/api/status?type=features' from origin 'http://localhost:3000' has been blocked by CORS policy: Response to preflight request doesn't pass access control check: The 'Access-Control-Allow-Origin' header has a value 'https://depixapp.com' that is not equal to the supplied origin. Have the server send the header with a valid value. @ http://localhost:3000/#home:0
[  124078ms] [ERROR] Failed to load resource: net::ERR_FAILED @ https://depix-backend.vercel.app/api/status?type=features:0
[  144894ms] TypeError: Cannot read properties of null (reading 'style')
    at changeText (https://brswap.me/index.php?widget=1:812:33)
[  148893ms] TypeError: Cannot read properties of null (reading 'style')
    at changeText (https://brswap.me/index.php?widget=1:812:33)
[  152893ms] TypeError: Cannot read properties of null (reading 'style')
    at changeText (https://brswap.me/index.php?widget=1:812:33)
[  156894ms] TypeError: Cannot read properties of null (reading 'style')
    at changeText (https://brswap.me/index.php?widget=1:812:33)
[  160893ms] TypeError: Cannot read properties of null (reading 'style')
    at changeText (https://brswap.me/index.php?widget=1:812:33)
[  164894ms] TypeError: Cannot read properties of null (reading 'style')
    at changeText (https://brswap.me/index.php?widget=1:812:33)
[  168893ms] TypeError: Cannot read properties of null (reading 'style')
    at changeText (https://brswap.me/index.php?widget=1:812:33)
[  172894ms] TypeError: Cannot read properties of null (reading 'style')
    at changeText (https://brswap.me/index.php?widget=1:812:33)
[  176892ms] TypeError: Cannot read properties of null (reading 'style')
    at changeText (https://brswap.me/index.php?widget=1:812:33)
[  180892ms] TypeError: Cannot read properties of null (reading 'style')
    at changeText (https://brswap.me/index.php?widget=1:812:33)
[  184893ms] TypeError: Cannot read properties of null (reading 'style')
    at changeText (https://brswap.me/index.php?widget=1:812:33)
[  188893ms] TypeError: Cannot read properties of null (reading 'style')
    at changeText (https://brswap.me/index.php?widget=1:812:33)
[  192893ms] TypeError: Cannot read properties of null (reading 'style')
    at changeText (https://brswap.me/index.php?widget=1:812:33)
[  196893ms] TypeError: Cannot read properties of null (reading 'style')
    at changeText (https://brswap.me/index.php?widget=1:812:33)
[  200893ms] TypeError: Cannot read properties of null (reading 'style')
    at changeText (https://brswap.me/index.php?widget=1:812:33)
[  204893ms] TypeError: Cannot read properties of null (reading 'style')
    at changeText (https://brswap.me/index.php?widget=1:812:33)
