[      63ms] [ERROR] Applying inline style violates the following Content Security Policy directive 'style-src 'self' https://fonts.googleapis.com'. Either the 'unsafe-inline' keyword, a hash ('sha256-R8/SXKKWOLiIVoC/lweEhMnnaoK5vKqWnw24hi8wI4s='), or a nonce ('nonce-...') is required to enable inline execution. Note that hashes do not apply to event handlers, style attributes and javascript: navigations unless the 'unsafe-hashes' keyword is present. The action has been blocked. @ http://localhost:3000/#home:1026
[      63ms] [ERROR] Applying inline style violates the following Content Security Policy directive 'style-src 'self' https://fonts.googleapis.com'. Either the 'unsafe-inline' keyword, a hash ('sha256-hQhHfTKv6u+nJlB/WKdoBaTxPnOAAGFGLtKNf7PZW5k='), or a nonce ('nonce-...') is required to enable inline execution. Note that hashes do not apply to event handlers, style attributes and javascript: navigations unless the 'unsafe-hashes' keyword is present. The action has been blocked. @ http://localhost:3000/#home:1124
[      63ms] [ERROR] Applying inline style violates the following Content Security Policy directive 'style-src 'self' https://fonts.googleapis.com'. Either the 'unsafe-inline' keyword, a hash ('sha256-tq/AfED3zNrgb8i/13bm5YD1qS2fA2QGN52iRt8s9F0='), or a nonce ('nonce-...') is required to enable inline execution. Note that hashes do not apply to event handlers, style attributes and javascript: navigations unless the 'unsafe-hashes' keyword is present. The action has been blocked. @ http://localhost:3000/#home:1147
[      63ms] [ERROR] Applying inline style violates the following Content Security Policy directive 'style-src 'self' https://fonts.googleapis.com'. Either the 'unsafe-inline' keyword, a hash ('sha256-nX58SsO1kbt7toFwKqW4N8UWqbKzN4db6pdj/quXBVo='), or a nonce ('nonce-...') is required to enable inline execution. Note that hashes do not apply to event handlers, style attributes and javascript: navigations unless the 'unsafe-hashes' keyword is present. The action has been blocked. @ http://localhost:3000/#home:1151
[      63ms] [ERROR] Applying inline style violates the following Content Security Policy directive 'style-src 'self' https://fonts.googleapis.com'. Either the 'unsafe-inline' keyword, a hash ('sha256-geQMlp6FLCpaVn1AJmp+yLfH0HUB3Yl/5gst2Ofdgjg='), or a nonce ('nonce-...') is required to enable inline execution. Note that hashes do not apply to event handlers, style attributes and javascript: navigations unless the 'unsafe-hashes' keyword is present. The action has been blocked. @ http://localhost:3000/#home:1155
[     470ms] [ERROR] Access to fetch at 'https://depix-backend.vercel.app/api/status?type=features' from origin 'http://localhost:3000' has been blocked by CORS policy: Response to preflight request doesn't pass access control check: The 'Access-Control-Allow-Origin' header has a value 'https://depixapp.com' that is not equal to the supplied origin. Have the server send the header with a valid value. @ http://localhost:3000/#home:0
[     471ms] [ERROR] Failed to load resource: net::ERR_FAILED @ https://depix-backend.vercel.app/api/status?type=features:0
[   15351ms] TypeError: Cannot read properties of null (reading 'style')
    at changeText (https://brswap.me/index.php?widget=1:812:33)
[   19349ms] TypeError: Cannot read properties of null (reading 'style')
    at changeText (https://brswap.me/index.php?widget=1:812:33)
[   23350ms] TypeError: Cannot read properties of null (reading 'style')
    at changeText (https://brswap.me/index.php?widget=1:812:33)
[   27351ms] TypeError: Cannot read properties of null (reading 'style')
    at changeText (https://brswap.me/index.php?widget=1:812:33)
[   31350ms] TypeError: Cannot read properties of null (reading 'style')
    at changeText (https://brswap.me/index.php?widget=1:812:33)
[   35351ms] TypeError: Cannot read properties of null (reading 'style')
    at changeText (https://brswap.me/index.php?widget=1:812:33)
[   39350ms] TypeError: Cannot read properties of null (reading 'style')
    at changeText (https://brswap.me/index.php?widget=1:812:33)
[   43350ms] TypeError: Cannot read properties of null (reading 'style')
    at changeText (https://brswap.me/index.php?widget=1:812:33)
[   47350ms] TypeError: Cannot read properties of null (reading 'style')
    at changeText (https://brswap.me/index.php?widget=1:812:33)
[   51350ms] TypeError: Cannot read properties of null (reading 'style')
    at changeText (https://brswap.me/index.php?widget=1:812:33)
[   55351ms] TypeError: Cannot read properties of null (reading 'style')
    at changeText (https://brswap.me/index.php?widget=1:812:33)
[   59351ms] TypeError: Cannot read properties of null (reading 'style')
    at changeText (https://brswap.me/index.php?widget=1:812:33)
[   63350ms] TypeError: Cannot read properties of null (reading 'style')
    at changeText (https://brswap.me/index.php?widget=1:812:33)
[   67352ms] TypeError: Cannot read properties of null (reading 'style')
    at changeText (https://brswap.me/index.php?widget=1:812:33)
[   71350ms] TypeError: Cannot read properties of null (reading 'style')
    at changeText (https://brswap.me/index.php?widget=1:812:33)
[   75351ms] TypeError: Cannot read properties of null (reading 'style')
    at changeText (https://brswap.me/index.php?widget=1:812:33)
[   79350ms] TypeError: Cannot read properties of null (reading 'style')
    at changeText (https://brswap.me/index.php?widget=1:812:33)
[   83350ms] TypeError: Cannot read properties of null (reading 'style')
    at changeText (https://brswap.me/index.php?widget=1:812:33)
[   87352ms] TypeError: Cannot read properties of null (reading 'style')
    at changeText (https://brswap.me/index.php?widget=1:812:33)
[   91350ms] TypeError: Cannot read properties of null (reading 'style')
    at changeText (https://brswap.me/index.php?widget=1:812:33)
[   95351ms] TypeError: Cannot read properties of null (reading 'style')
    at changeText (https://brswap.me/index.php?widget=1:812:33)
[   99350ms] TypeError: Cannot read properties of null (reading 'style')
    at changeText (https://brswap.me/index.php?widget=1:812:33)
[  103352ms] TypeError: Cannot read properties of null (reading 'style')
    at changeText (https://brswap.me/index.php?widget=1:812:33)
[  107352ms] TypeError: Cannot read properties of null (reading 'style')
    at changeText (https://brswap.me/index.php?widget=1:812:33)
[  111353ms] TypeError: Cannot read properties of null (reading 'style')
    at changeText (https://brswap.me/index.php?widget=1:812:33)
[  115352ms] TypeError: Cannot read properties of null (reading 'style')
    at changeText (https://brswap.me/index.php?widget=1:812:33)
[  119351ms] TypeError: Cannot read properties of null (reading 'style')
    at changeText (https://brswap.me/index.php?widget=1:812:33)
[  123351ms] TypeError: Cannot read properties of null (reading 'style')
    at changeText (https://brswap.me/index.php?widget=1:812:33)
[  127351ms] TypeError: Cannot read properties of null (reading 'style')
    at changeText (https://brswap.me/index.php?widget=1:812:33)
[  131352ms] TypeError: Cannot read properties of null (reading 'style')
    at changeText (https://brswap.me/index.php?widget=1:812:33)
[  135351ms] TypeError: Cannot read properties of null (reading 'style')
    at changeText (https://brswap.me/index.php?widget=1:812:33)
[  139352ms] TypeError: Cannot read properties of null (reading 'style')
    at changeText (https://brswap.me/index.php?widget=1:812:33)
[  143352ms] TypeError: Cannot read properties of null (reading 'style')
    at changeText (https://brswap.me/index.php?widget=1:812:33)
[  147351ms] TypeError: Cannot read properties of null (reading 'style')
    at changeText (https://brswap.me/index.php?widget=1:812:33)
[  151350ms] TypeError: Cannot read properties of null (reading 'style')
    at changeText (https://brswap.me/index.php?widget=1:812:33)
[  155351ms] TypeError: Cannot read properties of null (reading 'style')
    at changeText (https://brswap.me/index.php?widget=1:812:33)
[  159351ms] TypeError: Cannot read properties of null (reading 'style')
    at changeText (https://brswap.me/index.php?widget=1:812:33)
[  163350ms] TypeError: Cannot read properties of null (reading 'style')
    at changeText (https://brswap.me/index.php?widget=1:812:33)
[  167350ms] TypeError: Cannot read properties of null (reading 'style')
    at changeText (https://brswap.me/index.php?widget=1:812:33)
[  171351ms] TypeError: Cannot read properties of null (reading 'style')
    at changeText (https://brswap.me/index.php?widget=1:812:33)
[  171651ms] [ERROR] Applying inline style violates the following Content Security Policy directive 'style-src 'self' https://fonts.googleapis.com'. Either the 'unsafe-inline' keyword, a hash ('sha256-R8/SXKKWOLiIVoC/lweEhMnnaoK5vKqWnw24hi8wI4s='), or a nonce ('nonce-...') is required to enable inline execution. Note that hashes do not apply to event handlers, style attributes and javascript: navigations unless the 'unsafe-hashes' keyword is present. The action has been blocked. @ http://localhost:3000/#home:1026
[  171652ms] [ERROR] Applying inline style violates the following Content Security Policy directive 'style-src 'self' https://fonts.googleapis.com'. Either the 'unsafe-inline' keyword, a hash ('sha256-hQhHfTKv6u+nJlB/WKdoBaTxPnOAAGFGLtKNf7PZW5k='), or a nonce ('nonce-...') is required to enable inline execution. Note that hashes do not apply to event handlers, style attributes and javascript: navigations unless the 'unsafe-hashes' keyword is present. The action has been blocked. @ http://localhost:3000/#home:1124
[  171652ms] [ERROR] Applying inline style violates the following Content Security Policy directive 'style-src 'self' https://fonts.googleapis.com'. Either the 'unsafe-inline' keyword, a hash ('sha256-tq/AfED3zNrgb8i/13bm5YD1qS2fA2QGN52iRt8s9F0='), or a nonce ('nonce-...') is required to enable inline execution. Note that hashes do not apply to event handlers, style attributes and javascript: navigations unless the 'unsafe-hashes' keyword is present. The action has been blocked. @ http://localhost:3000/#home:1147
[  171652ms] [ERROR] Applying inline style violates the following Content Security Policy directive 'style-src 'self' https://fonts.googleapis.com'. Either the 'unsafe-inline' keyword, a hash ('sha256-nX58SsO1kbt7toFwKqW4N8UWqbKzN4db6pdj/quXBVo='), or a nonce ('nonce-...') is required to enable inline execution. Note that hashes do not apply to event handlers, style attributes and javascript: navigations unless the 'unsafe-hashes' keyword is present. The action has been blocked. @ http://localhost:3000/#home:1151
[  171652ms] [ERROR] Applying inline style violates the following Content Security Policy directive 'style-src 'self' https://fonts.googleapis.com'. Either the 'unsafe-inline' keyword, a hash ('sha256-geQMlp6FLCpaVn1AJmp+yLfH0HUB3Yl/5gst2Ofdgjg='), or a nonce ('nonce-...') is required to enable inline execution. Note that hashes do not apply to event handlers, style attributes and javascript: navigations unless the 'unsafe-hashes' keyword is present. The action has been blocked. @ http://localhost:3000/#home:1155
[  171897ms] [ERROR] Access to fetch at 'https://depix-backend.vercel.app/api/status?type=features' from origin 'http://localhost:3000' has been blocked by CORS policy: Response to preflight request doesn't pass access control check: The 'Access-Control-Allow-Origin' header has a value 'https://depixapp.com' that is not equal to the supplied origin. Have the server send the header with a valid value. @ http://localhost:3000/#home:0
[  171897ms] [ERROR] Failed to load resource: net::ERR_FAILED @ https://depix-backend.vercel.app/api/status?type=features:0
